<?xml version="1.0" encoding="UTF-8"?>
<!-- Generated by org.testng.reporters.JUnitXMLReporter -->
<testsuite hostname="Asen-PC" name="test" tests="6" failures="0" timestamp="29 Jan 2016 01:39:13 GMT" time="28.683" errors="0">
  <testcase name="login" time="10.909" classname="com.auto.cases.login.SystemLoginTest"/>
  <testcase name="login" time="1.79" classname="com.auto.cases.login.SystemLoginTest"/>
  <testcase name="login" time="1.832" classname="com.auto.cases.login.SystemLoginTest"/>
  <testcase name="login" time="1.647" classname="com.auto.cases.login.SystemLoginTest"/>
  <testcase name="login" time="5.897" classname="com.auto.cases.login.SystemLoginTest"/>
  <testcase name="login" time="6.03" classname="com.auto.cases.login.SystemLoginTest"/>
</testsuite> <!-- test -->
