<?xml version="1.0" encoding="UTF-8"?>
<!-- Generated by org.testng.reporters.JUnitXMLReporter -->
<testsuite hostname="Asen-PC" name="信息发布_公告发布管理" tests="14" failures="0" timestamp="28 Mar 2016 12:38:07 GMT" time="55.888" errors="0">
  <testcase name="add" time="8.143" classname="com.auto.cases.infodelivery.Informationdelivery_Noticemanager_test"/>
  <testcase name="add" time="4.481" classname="com.auto.cases.infodelivery.Informationdelivery_Noticemanager_test"/>
  <testcase name="add" time="4.37" classname="com.auto.cases.infodelivery.Informationdelivery_Noticemanager_test"/>
  <testcase name="add" time="2.814" classname="com.auto.cases.infodelivery.Informationdelivery_Noticemanager_test"/>
  <testcase name="add" time="2.828" classname="com.auto.cases.infodelivery.Informationdelivery_Noticemanager_test"/>
  <testcase name="add" time="4.288" classname="com.auto.cases.infodelivery.Informationdelivery_Noticemanager_test"/>
  <testcase name="add" time="4.342" classname="com.auto.cases.infodelivery.Informationdelivery_Noticemanager_test"/>
  <testcase name="add" time="2.851" classname="com.auto.cases.infodelivery.Informationdelivery_Noticemanager_test"/>
  <testcase name="add" time="2.815" classname="com.auto.cases.infodelivery.Informationdelivery_Noticemanager_test"/>
  <testcase name="delete" time="0.447" classname="com.auto.cases.infodelivery.Informationdelivery_Noticemanager_test"/>
  <testcase name="delete" time="0.424" classname="com.auto.cases.infodelivery.Informationdelivery_Noticemanager_test"/>
  <testcase name="query" time="2.611" classname="com.auto.cases.infodelivery.Informationdelivery_Noticemanager_test"/>
  <testcase name="query" time="2.307" classname="com.auto.cases.infodelivery.Informationdelivery_Noticemanager_test"/>
  <testcase name="query" time="2.253" classname="com.auto.cases.infodelivery.Informationdelivery_Noticemanager_test"/>
</testsuite> <!-- 信息发布_公告发布管理 -->
