<?xml version="1.0" encoding="UTF-8"?>
<!-- Generated by org.testng.reporters.JUnitXMLReporter -->
<testsuite hostname="Asen-PC" name="数据管理_外场设备_视频监控设备管理" tests="14" failures="1" timestamp="28 Mar 2016 12:40:54 GMT" time="55.692" errors="0">
  <testcase name="add" time="6.138" classname="com.auto.cases.datamanagement.Datamanagement_Videosurveillance_test"/>
  <testcase name="add" time="3.398" classname="com.auto.cases.datamanagement.Datamanagement_Videosurveillance_test"/>
  <testcase name="add" time="1.882" classname="com.auto.cases.datamanagement.Datamanagement_Videosurveillance_test"/>
  <testcase name="add" time="3.456" classname="com.auto.cases.datamanagement.Datamanagement_Videosurveillance_test"/>
  <testcase name="add" time="3.444" classname="com.auto.cases.datamanagement.Datamanagement_Videosurveillance_test"/>
  <testcase name="add" time="3.326" classname="com.auto.cases.datamanagement.Datamanagement_Videosurveillance_test"/>
  <testcase name="add" time="3.338" classname="com.auto.cases.datamanagement.Datamanagement_Videosurveillance_test"/>
  <testcase name="add" time="3.269" classname="com.auto.cases.datamanagement.Datamanagement_Videosurveillance_test"/>
  <testcase name="add" time="3.315" classname="com.auto.cases.datamanagement.Datamanagement_Videosurveillance_test"/>
  <testcase name="delete" time="1.309" classname="com.auto.cases.datamanagement.Datamanagement_Videosurveillance_test"/>
  <testcase name="delete" time="1.812" classname="com.auto.cases.datamanagement.Datamanagement_Videosurveillance_test"/>
  <testcase name="query" time="1.444" classname="com.auto.cases.datamanagement.Datamanagement_Videosurveillance_test"/>
  <testcase name="query" time="1.574" classname="com.auto.cases.datamanagement.Datamanagement_Videosurveillance_test">
    <failure type="java.lang.AssertionError" message="expected [true] but found [false]">
      <![CDATA[java.lang.AssertionError: expected [true] but found [false]
	at com.auto.cases.datamanagement.Datamanagement_Videosurveillance_test.query(Datamanagement_Videosurveillance_test.java:59)
	at java.util.concurrent.FutureTask$Sync.innerRun(FutureTask.java:334)
	at java.util.concurrent.FutureTask.run(FutureTask.java:166)
	at java.util.concurrent.ThreadPoolExecutor.runWorker(ThreadPoolExecutor.java:1145)
	at java.util.concurrent.ThreadPoolExecutor$Worker.run(ThreadPoolExecutor.java:615)
	at java.lang.Thread.run(Thread.java:722)
... Removed 20 stack frames]]>
    </failure>
  </testcase> <!-- query -->
  <testcase name="query" time="1.509" classname="com.auto.cases.datamanagement.Datamanagement_Videosurveillance_test"/>
</testsuite> <!-- 数据管理_外场设备_视频监控设备管理 -->
