<?xml version="1.0" encoding="UTF-8"?>
<!-- Generated by org.testng.reporters.JUnitXMLReporter -->
<testsuite hostname="Asen-PC" name="系统登录" tests="6" failures="0" timestamp="28 Jan 2016 07:30:24 GMT" time="44.914" errors="0">
  <testcase name="login" time="6.154" classname="com.auto.cases.login.SystemLoginTest"/>
  <testcase name="login" time="2.268" classname="com.auto.cases.login.SystemLoginTest"/>
  <testcase name="login" time="1.569" classname="com.auto.cases.login.SystemLoginTest"/>
  <testcase name="login" time="6.383" classname="com.auto.cases.login.SystemLoginTest"/>
  <testcase name="login" time="5.438" classname="com.auto.cases.login.SystemLoginTest"/>
  <testcase name="login" time="22.455" classname="com.auto.cases.login.SystemLoginTest"/>
</testsuite> <!-- 系统登录 -->
