<?xml version="1.0" encoding="UTF-8"?>
<!-- Generated by org.testng.reporters.JUnitXMLReporter -->
<testsuite hostname="Asen-PC" name="演练培训_演练管理_演练场景管理" tests="11" failures="0" timestamp="28 Mar 2016 12:39:03 GMT" time="55.975" errors="0">
  <testcase name="add" time="16.964" classname="com.auto.cases.drilltraining.Drilltraining_Drillscenemanager_test"/>
  <testcase name="add" time="2.266" classname="com.auto.cases.drilltraining.Drilltraining_Drillscenemanager_test"/>
  <testcase name="add" time="3.697" classname="com.auto.cases.drilltraining.Drilltraining_Drillscenemanager_test"/>
  <testcase name="add" time="3.759" classname="com.auto.cases.drilltraining.Drilltraining_Drillscenemanager_test"/>
  <testcase name="add" time="3.787" classname="com.auto.cases.drilltraining.Drilltraining_Drillscenemanager_test"/>
  <testcase name="add" time="3.753" classname="com.auto.cases.drilltraining.Drilltraining_Drillscenemanager_test"/>
  <testcase name="delete" time="0.391" classname="com.auto.cases.drilltraining.Drilltraining_Drillscenemanager_test"/>
  <testcase name="delete" time="0.42" classname="com.auto.cases.drilltraining.Drilltraining_Drillscenemanager_test"/>
  <testcase name="query" time="1.877" classname="com.auto.cases.drilltraining.Drilltraining_Drillscenemanager_test"/>
  <testcase name="query" time="1.832" classname="com.auto.cases.drilltraining.Drilltraining_Drillscenemanager_test"/>
  <testcase name="query" time="1.631" classname="com.auto.cases.drilltraining.Drilltraining_Drillscenemanager_test"/>
</testsuite> <!-- 演练培训_演练管理_演练场景管理 -->
