<?xml version="1.0" encoding="UTF-8"?>
<!-- Generated by org.testng.reporters.JUnitXMLReporter -->
<testsuite hostname="Asen-PC" name="演练培训_培训管理_培训课程" tests="13" failures="3" timestamp="28 Mar 2016 12:39:58 GMT" time="54.783" errors="0">
  <testcase name="add" time="9.399" classname="com.auto.cases.drilltraining.Drilltraining_Trainingcourse_test"/>
  <testcase name="add" time="2.212" classname="com.auto.cases.drilltraining.Drilltraining_Trainingcourse_test"/>
  <testcase name="add" time="2.5" classname="com.auto.cases.drilltraining.Drilltraining_Trainingcourse_test"/>
  <testcase name="add" time="2.318" classname="com.auto.cases.drilltraining.Drilltraining_Trainingcourse_test"/>
  <testcase name="add" time="3.536" classname="com.auto.cases.drilltraining.Drilltraining_Trainingcourse_test"/>
  <testcase name="add" time="3.418" classname="com.auto.cases.drilltraining.Drilltraining_Trainingcourse_test"/>
  <testcase name="add" time="3.406" classname="com.auto.cases.drilltraining.Drilltraining_Trainingcourse_test"/>
  <testcase name="add" time="3.488" classname="com.auto.cases.drilltraining.Drilltraining_Trainingcourse_test"/>
  <testcase name="add" time="3.532" classname="com.auto.cases.drilltraining.Drilltraining_Trainingcourse_test"/>
  <testcase name="delete" time="1.006" classname="com.auto.cases.drilltraining.Drilltraining_Trainingcourse_test">
    <failure type="java.lang.AssertionError" message="expected [确认要删除培训课程公务员吗？] but found [确认要删除培训课程系长吗？]">
      <![CDATA[java.lang.AssertionError: expected [确认要删除培训课程公务员吗？] but found [确认要删除培训课程系长吗？]
	at com.auto.cases.drilltraining.Drilltraining_Trainingcourse_test.delete(Drilltraining_Trainingcourse_test.java:78)
	at java.util.concurrent.FutureTask$Sync.innerRun(FutureTask.java:334)
	at java.util.concurrent.FutureTask.run(FutureTask.java:166)
	at java.util.concurrent.ThreadPoolExecutor.runWorker(ThreadPoolExecutor.java:1145)
	at java.util.concurrent.ThreadPoolExecutor$Worker.run(ThreadPoolExecutor.java:615)
	at java.lang.Thread.run(Thread.java:722)
... Removed 22 stack frames]]>
    </failure>
  </testcase> <!-- delete -->
  <testcase name="query" time="1.734" classname="com.auto.cases.drilltraining.Drilltraining_Trainingcourse_test"/>
  <testcase name="query" time="1.694" classname="com.auto.cases.drilltraining.Drilltraining_Trainingcourse_test">
    <failure type="java.lang.AssertionError" message="expected [true] but found [false]">
      <![CDATA[java.lang.AssertionError: expected [true] but found [false]
	at com.auto.cases.drilltraining.Drilltraining_Trainingcourse_test.query(Drilltraining_Trainingcourse_test.java:59)
	at java.util.concurrent.FutureTask$Sync.innerRun(FutureTask.java:334)
	at java.util.concurrent.FutureTask.run(FutureTask.java:166)
	at java.util.concurrent.ThreadPoolExecutor.runWorker(ThreadPoolExecutor.java:1145)
	at java.util.concurrent.ThreadPoolExecutor$Worker.run(ThreadPoolExecutor.java:615)
	at java.lang.Thread.run(Thread.java:722)
... Removed 20 stack frames]]>
    </failure>
  </testcase> <!-- query -->
  <testcase name="query" time="1.447" classname="com.auto.cases.drilltraining.Drilltraining_Trainingcourse_test">
    <failure type="java.lang.AssertionError" message="expected [true] but found [false]">
      <![CDATA[java.lang.AssertionError: expected [true] but found [false]
	at com.auto.cases.drilltraining.Drilltraining_Trainingcourse_test.query(Drilltraining_Trainingcourse_test.java:59)
	at java.util.concurrent.FutureTask$Sync.innerRun(FutureTask.java:334)
	at java.util.concurrent.FutureTask.run(FutureTask.java:166)
	at java.util.concurrent.ThreadPoolExecutor.runWorker(ThreadPoolExecutor.java:1145)
	at java.util.concurrent.ThreadPoolExecutor$Worker.run(ThreadPoolExecutor.java:615)
	at java.lang.Thread.run(Thread.java:722)
... Removed 20 stack frames]]>
    </failure>
  </testcase> <!-- query -->
</testsuite> <!-- 演练培训_培训管理_培训课程 -->
