<?xml version="1.0" encoding="UTF-8"?>
<testsuite name="配置管理_数据字典管理_行业代码管理"
           tests="11"
           failures="0"
           errors="0"
           skipped="0"
           time="34.083">
  <properties />
  
  
            <testcase name="add" time="3.473" classname="com.auto.cases.configmanagement.Configmanagement_Industrycode_test" />
                <testcase name="query" time="1.450" classname="com.auto.cases.configmanagement.Configmanagement_Industrycode_test" />
                <testcase name="add" time="10.639" classname="com.auto.cases.configmanagement.Configmanagement_Industrycode_test" />
                <testcase name="delete" time="1.475" classname="com.auto.cases.configmanagement.Configmanagement_Industrycode_test" />
                <testcase name="query" time="1.451" classname="com.auto.cases.configmanagement.Configmanagement_Industrycode_test" />
                <testcase name="add" time="3.311" classname="com.auto.cases.configmanagement.Configmanagement_Industrycode_test" />
                <testcase name="add" time="2.195" classname="com.auto.cases.configmanagement.Configmanagement_Industrycode_test" />
                <testcase name="add" time="3.380" classname="com.auto.cases.configmanagement.Configmanagement_Industrycode_test" />
                <testcase name="add" time="3.482" classname="com.auto.cases.configmanagement.Configmanagement_Industrycode_test" />
                <testcase name="query" time="1.658" classname="com.auto.cases.configmanagement.Configmanagement_Industrycode_test" />
                <testcase name="delete" time="1.569" classname="com.auto.cases.configmanagement.Configmanagement_Industrycode_test" />
      
</testsuite>
