<?xml version="1.0" encoding="UTF-8"?>
<testsuite name="系统登录"
           tests="6"
           failures="0"
           errors="0"
           skipped="0"
           time="44.267">
  <properties />
  
  
            <testcase name="login" time="6.154" classname="com.auto.cases.login.SystemLoginTest" />
                <testcase name="login" time="1.569" classname="com.auto.cases.login.SystemLoginTest" />
                <testcase name="login" time="2.268" classname="com.auto.cases.login.SystemLoginTest" />
                <testcase name="login" time="5.438" classname="com.auto.cases.login.SystemLoginTest" />
                <testcase name="login" time="22.455" classname="com.auto.cases.login.SystemLoginTest" />
                <testcase name="login" time="6.383" classname="com.auto.cases.login.SystemLoginTest" />
      
</testsuite>
